<?xml version="1.0" encoding="UTF-8"?>
<!-- Generated by org.testng.reporters.JUnitXMLReporter -->
<testsuite ignored="0" hostname="VR" failures="2" tests="5" name="Test" time="64.104" errors="0" timestamp="2024-12-01T21:40:17 IST">
  <testcase classname="testCase.TC006_EndToEnd" name="VerifyEndToEnd" time="15.809"/>
  <testcase classname="testCase.TC003_LoginTestWithDDTMethod" name="LoginWithDDT" time="17.449">
    <failure type="java.lang.AssertionError">
      <![CDATA[java.lang.AssertionError: 
at testCase.TC003_LoginTestWithDDTMethod.LoginWithDDT(TC003_LoginTestWithDDTMethod.java:60)
at java.base/java.util.ArrayList.forEach(ArrayList.java:1511)
... Removed 33 stack frames]]>
    </failure>
  </testcase> <!-- LoginWithDDT -->
  <testcase classname="testCase.TC003_LoginTestWithDDTMethod" name="LoginWithDDT" time="2.692"/>
  <testcase classname="testCase.TC003_LoginTestWithDDTMethod" name="LoginWithDDT" time="17.161">
    <failure type="java.lang.AssertionError">
      <![CDATA[java.lang.AssertionError: 
at testCase.TC003_LoginTestWithDDTMethod.LoginWithDDT(TC003_LoginTestWithDDTMethod.java:60)
at java.base/java.util.ArrayList.forEach(ArrayList.java:1511)
... Removed 33 stack frames]]>
    </failure>
  </testcase> <!-- LoginWithDDT -->
  <testcase classname="testCase.TC003_LoginTestWithDDTMethod" name="LoginWithDDT" time="2.541"/>
</testsuite> <!-- Test -->
