<?xml version="1.0" encoding="UTF-8"?>
<testng-results ignored="0" total="1" passed="1" failed="0" skipped="0">
  <reporter-output>
  </reporter-output>
  <suite started-at="2024-12-01T18:53:17 IST" name="Suite" finished-at="2024-12-01T18:53:27 IST" duration-ms="9914">
    <groups>
      <group name="sanity">
        <method signature="TC002_LoginTest.VerifyLogin()[pri:1, instance:testCase.TC002_LoginTest@38f116f6]" name="VerifyLogin" class="testCase.TC002_LoginTest"/>
      </group> <!-- sanity -->
    </groups>
    <test started-at="2024-12-01T18:53:17 IST" name="Test" finished-at="2024-12-01T18:53:27 IST" duration-ms="9914">
      <class name="testCase.TC002_LoginTest">
        <test-method is-config="true" signature="setup(java.lang.String,java.lang.String)[pri:0, instance:testCase.TC002_LoginTest@38f116f6]" started-at="2024-12-01T18:53:17 IST" name="setup" finished-at="2024-12-01T18:53:21 IST" duration-ms="3526" status="PASS">
          <params>
            <param index="0">
              <value>
                <![CDATA[chrome]]>
              </value>
            </param>
            <param index="1">
              <value>
                <![CDATA[windows]]>
              </value>
            </param>
          </params>
          <reporter-output>
          </reporter-output>
        </test-method> <!-- setup -->
        <test-method signature="VerifyLogin()[pri:1, instance:testCase.TC002_LoginTest@38f116f6]" started-at="2024-12-01T18:53:21 IST" name="VerifyLogin" finished-at="2024-12-01T18:53:26 IST" duration-ms="5185" status="PASS">
          <reporter-output>
          </reporter-output>
        </test-method> <!-- VerifyLogin -->
        <test-method is-config="true" signature="tearDown()[pri:0, instance:testCase.TC002_LoginTest@38f116f6]" started-at="2024-12-01T18:53:26 IST" name="tearDown" finished-at="2024-12-01T18:53:27 IST" duration-ms="1163" status="PASS">
          <reporter-output>
          </reporter-output>
        </test-method> <!-- tearDown -->
      </class> <!-- testCase.TC002_LoginTest -->
    </test> <!-- Test -->
  </suite> <!-- Suite -->
</testng-results>
