<?xml version="1.0" encoding="UTF-8"?>
<testng-results ignored="0" total="1" passed="1" failed="0" skipped="0">
  <reporter-output>
  </reporter-output>
  <suite started-at="2024-12-01T21:35:46 IST" name="Failed suite [Suite]" finished-at="2024-12-01T21:36:51 IST" duration-ms="65157">
    <groups>
      <group name="sanity">
        <method signature="TC005_AddtoCartItem.VerifyAddtoCart()[pri:1, instance:testCase.TC005_AddtoCartItem@72b16078]" name="VerifyAddtoCart" class="testCase.TC005_AddtoCartItem"/>
      </group> <!-- sanity -->
    </groups>
    <test started-at="2024-12-01T21:35:46 IST" name="Test(failed)" finished-at="2024-12-01T21:36:51 IST" duration-ms="65157">
      <class name="testCase.TC005_AddtoCartItem">
        <test-method is-config="true" signature="setup(java.lang.String,java.lang.String)[pri:0, instance:testCase.TC005_AddtoCartItem@72b16078]" started-at="2024-12-01T21:35:46 IST" name="setup" finished-at="2024-12-01T21:36:47 IST" duration-ms="60988" status="PASS">
          <params>
            <param index="0">
              <value>
                <![CDATA[chrome]]>
              </value>
            </param>
            <param index="1">
              <value>
                <![CDATA[windows]]>
              </value>
            </param>
          </params>
          <reporter-output>
          </reporter-output>
        </test-method> <!-- setup -->
        <test-method signature="VerifyAddtoCart()[pri:1, instance:testCase.TC005_AddtoCartItem@72b16078]" started-at="2024-12-01T21:36:47 IST" name="VerifyAddtoCart" finished-at="2024-12-01T21:36:50 IST" duration-ms="2812" status="PASS">
          <reporter-output>
          </reporter-output>
        </test-method> <!-- VerifyAddtoCart -->
        <test-method is-config="true" signature="tearDown()[pri:0, instance:testCase.TC005_AddtoCartItem@72b16078]" started-at="2024-12-01T21:36:50 IST" name="tearDown" finished-at="2024-12-01T21:36:51 IST" duration-ms="1135" status="PASS">
          <reporter-output>
          </reporter-output>
        </test-method> <!-- tearDown -->
      </class> <!-- testCase.TC005_AddtoCartItem -->
    </test> <!-- Test(failed) -->
  </suite> <!-- Failed suite [Suite] -->
</testng-results>
