<?xml version="1.0" encoding="UTF-8"?>
<testng-results ignored="0" total="1" passed="1" failed="0" skipped="0">
  <reporter-output>
  </reporter-output>
  <suite started-at="2024-11-30T22:15:14 IST" name="Suite" finished-at="2024-11-30T22:15:21 IST" duration-ms="6351">
    <groups>
      <group name="regression">
        <method signature="TC005_AddtoCartItem.VerifyAddtoCart()[pri:1, instance:testCase.TC005_AddtoCartItem@47428937]" name="VerifyAddtoCart" class="testCase.TC005_AddtoCartItem"/>
      </group> <!-- regression -->
    </groups>
    <test started-at="2024-11-30T22:15:14 IST" name="Test" finished-at="2024-11-30T22:15:21 IST" duration-ms="6351">
      <class name="testCase.TC005_AddtoCartItem">
        <test-method is-config="true" signature="setup(java.lang.String,java.lang.String)[pri:0, instance:testCase.TC005_AddtoCartItem@47428937]" started-at="2024-11-30T22:15:15 IST" name="setup" finished-at="2024-11-30T22:15:17 IST" duration-ms="2435" status="PASS">
          <params>
            <param index="0">
              <value>
                <![CDATA[chrome]]>
              </value>
            </param>
            <param index="1">
              <value>
                <![CDATA[windows]]>
              </value>
            </param>
          </params>
          <reporter-output>
          </reporter-output>
        </test-method> <!-- setup -->
        <test-method signature="VerifyAddtoCart()[pri:1, instance:testCase.TC005_AddtoCartItem@47428937]" started-at="2024-11-30T22:15:17 IST" name="VerifyAddtoCart" finished-at="2024-11-30T22:15:20 IST" duration-ms="2632" status="PASS">
          <reporter-output>
          </reporter-output>
        </test-method> <!-- VerifyAddtoCart -->
        <test-method is-config="true" signature="tearDown()[pri:0, instance:testCase.TC005_AddtoCartItem@47428937]" started-at="2024-11-30T22:15:20 IST" name="tearDown" finished-at="2024-11-30T22:15:21 IST" duration-ms="1074" status="PASS">
          <reporter-output>
          </reporter-output>
        </test-method> <!-- tearDown -->
      </class> <!-- testCase.TC005_AddtoCartItem -->
    </test> <!-- Test -->
  </suite> <!-- Suite -->
</testng-results>
